<?xml version="1.0" encoding="UTF-8"?>
<!-- Generated by org.testng.reporters.JUnitXMLReporter -->
<testsuite ignored="0" hostname="LAPTOP-BD4VIBB3" failures="0" tests="4" name="FirstTest" time="0.048" errors="0" timestamp="2024-03-28T00:57:35 ICT">
  <testcase classname="Bai_2.Test_1" name="testCase1" time="0.006"/>
  <testcase classname="Bai_2.Test_1" name="testCase2" time="0.001"/>
  <testcase classname="Bai_2.Test_2" name="testCase1" time="0.001"/>
  <testcase classname="Bai_2.Test_2" name="testCase2" time="0.001"/>
</testsuite> <!-- FirstTest -->
