<?xml version="1.0" encoding="UTF-8"?>
<!-- Generated by org.testng.reporters.JUnitXMLReporter -->
<testsuite ignored="1" hostname="LAPTOP-BD4VIBB3" failures="0" tests="3" name="Testing" time="0.037" errors="0" timestamp="2024-03-28T01:14:44 ICT">
  <testcase classname="Bai_3.Test_1" name="TestCase1" time="0.005"/>
  <testcase classname="Bai_3.Test_1" name="testCaseFour" time="0.001"/>
  <testcase classname="Bai_3.Test_1" name="testCaseTwo" time="0.001"/>
  <testcase classname="Bai_3.Test_1" name="testCaseThree" time="0.0">
    <ignored/>
  </testcase> <!-- testCaseThree -->
</testsuite> <!-- Testing -->
