<?xml version="1.0" encoding="UTF-8"?>
<testng-results ignored="1" total="4" passed="3" failed="0" skipped="0">
  <reporter-output>
  </reporter-output>
  <suite started-at="2024-03-28T01:14:44 ICT" name="TestNGFramework" finished-at="2024-03-28T01:14:44 ICT" duration-ms="37">
    <groups>
      <group name="Regression">
        <method signature="Test_1.TestCase1()[pri:0, instance:Bai_3.Test_1@2002fc1d]" name="TestCase1" class="Bai_3.Test_1"/>
        <method signature="Test_1.testCaseFour()[pri:0, instance:Bai_3.Test_1@2002fc1d]" name="testCaseFour" class="Bai_3.Test_1"/>
        <method signature="Test_1.testCaseTwo()[pri:0, instance:Bai_3.Test_1@2002fc1d]" name="testCaseTwo" class="Bai_3.Test_1"/>
      </group> <!-- Regression -->
    </groups>
    <test started-at="2024-03-28T01:14:44 ICT" name="Testing" finished-at="2024-03-28T01:14:44 ICT" duration-ms="37">
      <class name="Bai_3.Test_1">
        <test-method signature="TestCase1()[pri:0, instance:Bai_3.Test_1@2002fc1d]" started-at="2024-03-28T01:14:44 ICT" name="TestCase1" finished-at="2024-03-28T01:14:44 ICT" duration-ms="5" status="PASS">
          <reporter-output>
          </reporter-output>
        </test-method> <!-- TestCase1 -->
        <test-method signature="testCaseFour()[pri:0, instance:Bai_3.Test_1@2002fc1d]" started-at="2024-03-28T01:14:44 ICT" name="testCaseFour" finished-at="2024-03-28T01:14:44 ICT" duration-ms="1" status="PASS">
          <reporter-output>
          </reporter-output>
        </test-method> <!-- testCaseFour -->
        <test-method signature="testCaseTwo()[pri:0, instance:Bai_3.Test_1@2002fc1d]" started-at="2024-03-28T01:14:44 ICT" name="testCaseTwo" finished-at="2024-03-28T01:14:44 ICT" duration-ms="1" status="PASS">
          <reporter-output>
          </reporter-output>
        </test-method> <!-- testCaseTwo -->
      </class> <!-- Bai_3.Test_1 -->
    </test> <!-- Testing -->
  </suite> <!-- TestNGFramework -->
</testng-results>
